This is pdfTeX, Version 3.14159265-2.6-1.40.20 (TeX Live 2019/Debian) (preloaded format=pdflatex 2024.3.15)  6 APR 2025 12:55
entering extended mode
 restricted \write18 enabled.
 %&-line parsing enabled.
**timescales.tex
(./timescales.tex
LaTeX2e <2020-02-02> patch level 2
L3 programming layer <2020-02-14>
(/usr/share/texlive/texmf-dist/tex/latex/base/article.cls
Document Class: article 2019/12/20 v1.4l Standard LaTeX document class
(/usr/share/texlive/texmf-dist/tex/latex/base/size10.clo
File: size10.clo 2019/12/20 v1.4l Standard LaTeX file (size option)
)
\c@part=\count167
\c@section=\count168
\c@subsection=\count169
\c@subsubsection=\count170
\c@paragraph=\count171
\c@subparagraph=\count172
\c@figure=\count173
\c@table=\count174
\abovecaptionskip=\skip47
\belowcaptionskip=\skip48
\bibindent=\dimen134
)
(/usr/share/texlive/texmf-dist/tex/latex/pdfpages/pdfpages.sty
Package: pdfpages 2020/01/28 v0.5q Insert pages of external PDF documents (AM)

(/usr/share/texlive/texmf-dist/tex/latex/base/ifthen.sty
Package: ifthen 2014/09/29 v1.1c Standard LaTeX ifthen package (DPC)
)
(/usr/share/texlive/texmf-dist/tex/latex/tools/calc.sty
Package: calc 2017/05/25 v4.3 Infix arithmetic (KKT,FJ)
\calc@Acount=\count175
\calc@Bcount=\count176
\calc@Adimen=\dimen135
\calc@Bdimen=\dimen136
\calc@Askip=\skip49
\calc@Bskip=\skip50
LaTeX Info: Redefining \setlength on input line 80.
LaTeX Info: Redefining \addtolength on input line 81.
\calc@Ccount=\count177
\calc@Cskip=\skip51
)
(/usr/share/texlive/texmf-dist/tex/latex/eso-pic/eso-pic.sty
Package: eso-pic 2018/04/12 v2.0h eso-pic (RN)

(/usr/share/texlive/texmf-dist/tex/generic/atbegshi/atbegshi.sty
Package: atbegshi 2019/12/05 v1.19 At begin shipout hook (HO)

(/usr/share/texlive/texmf-dist/tex/generic/infwarerr/infwarerr.sty
Package: infwarerr 2019/12/03 v1.5 Providing info/warning/error messages (HO)
)
(/usr/share/texlive/texmf-dist/tex/generic/ltxcmds/ltxcmds.sty
Package: ltxcmds 2019/12/15 v1.24 LaTeX kernel commands for general use (HO)
)
(/usr/share/texlive/texmf-dist/tex/generic/iftex/iftex.sty
Package: iftex 2019/11/07 v1.0c TeX engine tests
))
(/usr/share/texlive/texmf-dist/tex/latex/graphics/keyval.sty
Package: keyval 2014/10/28 v1.15 key=value parser (DPC)
\KV@toks@=\toks14
)
(/usr/share/texlive/texmf-dist/tex/latex/xcolor/xcolor.sty
Package: xcolor 2016/05/11 v2.12 LaTeX color extensions (UK)

(/usr/share/texlive/texmf-dist/tex/latex/graphics-cfg/color.cfg
File: color.cfg 2016/01/02 v1.6 sample color configuration
)
Package xcolor Info: Driver file: pdftex.def on input line 225.

(/usr/share/texlive/texmf-dist/tex/latex/graphics-def/pdftex.def
File: pdftex.def 2018/01/08 v1.0l Graphics/color driver for pdftex
)
Package xcolor Info: Model `cmy' substituted by `cmy0' on input line 1348.
Package xcolor Info: Model `hsb' substituted by `rgb' on input line 1352.
Package xcolor Info: Model `RGB' extended on input line 1364.
Package xcolor Info: Model `HTML' substituted by `rgb' on input line 1366.
Package xcolor Info: Model `Hsb' substituted by `hsb' on input line 1367.
Package xcolor Info: Model `tHsb' substituted by `hsb' on input line 1368.
Package xcolor Info: Model `HSB' substituted by `hsb' on input line 1369.
Package xcolor Info: Model `Gray' substituted by `gray' on input line 1370.
Package xcolor Info: Model `wave' substituted by `hsb' on input line 1371.
))
(/usr/share/texlive/texmf-dist/tex/latex/graphics/graphicx.sty
Package: graphicx 2019/11/30 v1.2a Enhanced LaTeX Graphics (DPC,SPQR)

(/usr/share/texlive/texmf-dist/tex/latex/graphics/graphics.sty
Package: graphics 2019/11/30 v1.4a Standard LaTeX Graphics (DPC,SPQR)

(/usr/share/texlive/texmf-dist/tex/latex/graphics/trig.sty
Package: trig 2016/01/03 v1.10 sin cos tan (DPC)
)
(/usr/share/texlive/texmf-dist/tex/latex/graphics-cfg/graphics.cfg
File: graphics.cfg 2016/06/04 v1.11 sample graphics configuration
)
Package graphics Info: Driver file: pdftex.def on input line 105.
)
\Gin@req@height=\dimen137
\Gin@req@width=\dimen138
)
\AM@pagewidth=\dimen139
\AM@pageheight=\dimen140

(/usr/share/texlive/texmf-dist/tex/latex/pdfpages/pppdftex.def
File: pppdftex.def 2020/01/28 v0.5q Pdfpages driver for pdfTeX (AM)
)
\AM@pagebox=\box45
\AM@global@opts=\toks15
\AM@pagecnt=\count178
\AM@toc@title=\toks16
\c@AM@survey=\count179
\AM@templatesizebox=\box46
)
(/usr/share/texlive/texmf-dist/tex/latex/l3backend/l3backend-pdfmode.def
File: l3backend-pdfmode.def 2020-02-03 L3 backend support: PDF mode
\l__kernel_color_stack_int=\count180
\l__pdf_internal_box=\box47
)
(./timescales.aux)
\openout1 = `timescales.aux'.

LaTeX Font Info:    Checking defaults for OML/cmm/m/it on input line 44.
LaTeX Font Info:    ... okay on input line 44.
LaTeX Font Info:    Checking defaults for OMS/cmsy/m/n on input line 44.
LaTeX Font Info:    ... okay on input line 44.
LaTeX Font Info:    Checking defaults for OT1/cmr/m/n on input line 44.
LaTeX Font Info:    ... okay on input line 44.
LaTeX Font Info:    Checking defaults for T1/cmr/m/n on input line 44.
LaTeX Font Info:    ... okay on input line 44.
LaTeX Font Info:    Checking defaults for TS1/cmr/m/n on input line 44.
LaTeX Font Info:    ... okay on input line 44.
LaTeX Font Info:    Checking defaults for OMX/cmex/m/n on input line 44.
LaTeX Font Info:    ... okay on input line 44.
LaTeX Font Info:    Checking defaults for U/cmr/m/n on input line 44.
LaTeX Font Info:    ... okay on input line 44.
\AtBeginShipoutBox=\box48

(/usr/share/texlive/texmf-dist/tex/context/base/mkii/supp-pdf.mkii
[Loading MPS to PDF converter (version 2006.09.02).]
\scratchcounter=\count181
\scratchdimen=\dimen141
\scratchbox=\box49
\nofMPsegments=\count182
\nofMParguments=\count183
\everyMPshowfont=\toks17
\MPscratchCnt=\count184
\MPscratchDim=\dimen142
\MPnumerator=\count185
\makeMPintoPDFobject=\count186
\everyMPtoPDFconversion=\toks18
) (/usr/share/texlive/texmf-dist/tex/latex/epstopdf-pkg/epstopdf-base.sty
Package: epstopdf-base 2020-01-24 v2.11 Base part for package epstopdf
Package epstopdf-base Info: Redefining graphics rule for `.eps' on input line 4
85.

(/usr/share/texlive/texmf-dist/tex/latex/latexconfig/epstopdf-sys.cfg
File: epstopdf-sys.cfg 2010/07/13 v1.3 Configuration of (r)epstopdf for TeX Liv
e
))
(/usr/share/texlive/texmf-dist/tex/latex/pdflscape/pdflscape.sty
Package: pdflscape 2019/12/05 v0.12 Display of landscape pages in PDF (HO)

(/usr/share/texlive/texmf-dist/tex/latex/graphics/lscape.sty
Package: lscape 2000/10/22 v3.01 Landscape Pages (DPC)
)
Package pdflscape Info: Auto-detected driver: pdftex on input line 81.
)
<aa_30_1_all.pdf, id=1, 870.33873pt x 891.07906pt>
File: aa_30_1_all.pdf Graphic file (type pdf)
<use aa_30_1_all.pdf>
Package pdftex.def Info: aa_30_1_all.pdf  used on input line 45.
(pdftex.def)             Requested size: 870.33661pt x 891.07687pt.
File: aa_30_1_all.pdf Graphic file (type pdf)
<use aa_30_1_all.pdf>
Package pdftex.def Info: aa_30_1_all.pdf  used on input line 45.
(pdftex.def)             Requested size: 870.33661pt x 891.07687pt.
<aa_30_1_all.pdf, id=4, page=1, 870.33873pt x 891.07906pt>
File: aa_30_1_all.pdf Graphic file (type pdf)
<use aa_30_1_all.pdf, page 1>
Package pdftex.def Info: aa_30_1_all.pdf , page1 used on input line 45.
(pdftex.def)             Requested size: 870.33661pt x 891.07687pt.
File: aa_30_1_all.pdf Graphic file (type pdf)
<use aa_30_1_all.pdf, page 1>
Package pdftex.def Info: aa_30_1_all.pdf , page1 used on input line 45.
(pdftex.def)             Requested size: 614.5318pt x 629.1762pt.
File: aa_30_1_all.pdf Graphic file (type pdf)
<use aa_30_1_all.pdf, page 1>
Package pdftex.def Info: aa_30_1_all.pdf , page1 used on input line 45.
(pdftex.def)             Requested size: 614.5318pt x 629.1762pt.
File: aa_30_1_all.pdf Graphic file (type pdf)
<use aa_30_1_all.pdf, page 1>
Package pdftex.def Info: aa_30_1_all.pdf , page1 used on input line 45.
(pdftex.def)             Requested size: 614.5318pt x 629.1762pt.
File: aa_30_1_all.pdf Graphic file (type pdf)
<use aa_30_1_all.pdf, page 1>
Package pdftex.def Info: aa_30_1_all.pdf , page1 used on input line 45.
(pdftex.def)             Requested size: 614.5318pt x 629.1762pt.
 [1

 <./aa_30_1_all.pdf>]
<aa_50_1_all.pdf, id=45, 873.5382pt x 891.07906pt>
File: aa_50_1_all.pdf Graphic file (type pdf)
<use aa_50_1_all.pdf>
Package pdftex.def Info: aa_50_1_all.pdf  used on input line 47.
(pdftex.def)             Requested size: 873.53607pt x 891.07687pt.
File: aa_50_1_all.pdf Graphic file (type pdf)
<use aa_50_1_all.pdf>
Package pdftex.def Info: aa_50_1_all.pdf  used on input line 47.
(pdftex.def)             Requested size: 873.53607pt x 891.07687pt.
<aa_50_1_all.pdf, id=48, page=1, 873.5382pt x 891.07906pt>
File: aa_50_1_all.pdf Graphic file (type pdf)
<use aa_50_1_all.pdf, page 1>
Package pdftex.def Info: aa_50_1_all.pdf , page1 used on input line 47.
(pdftex.def)             Requested size: 873.53607pt x 891.07687pt.
File: aa_50_1_all.pdf Graphic file (type pdf)
<use aa_50_1_all.pdf, page 1>
Package pdftex.def Info: aa_50_1_all.pdf , page1 used on input line 47.
(pdftex.def)             Requested size: 614.67155pt x 627.01431pt.
File: aa_50_1_all.pdf Graphic file (type pdf)
<use aa_50_1_all.pdf, page 1>
Package pdftex.def Info: aa_50_1_all.pdf , page1 used on input line 47.
(pdftex.def)             Requested size: 614.67155pt x 627.01431pt.
File: aa_50_1_all.pdf Graphic file (type pdf)
<use aa_50_1_all.pdf, page 1>
Package pdftex.def Info: aa_50_1_all.pdf , page1 used on input line 47.
(pdftex.def)             Requested size: 614.67155pt x 627.01431pt.
File: aa_50_1_all.pdf Graphic file (type pdf)
<use aa_50_1_all.pdf, page 1>
Package pdftex.def Info: aa_50_1_all.pdf , page1 used on input line 47.
(pdftex.def)             Requested size: 614.67155pt x 627.01431pt.
 [2 <./aa_50_1_all.pdf>]
<aa_50_2_all.pdf, id=87, 873.5382pt x 891.07906pt>
File: aa_50_2_all.pdf Graphic file (type pdf)
<use aa_50_2_all.pdf>
Package pdftex.def Info: aa_50_2_all.pdf  used on input line 48.
(pdftex.def)             Requested size: 873.53607pt x 891.07687pt.
File: aa_50_2_all.pdf Graphic file (type pdf)
<use aa_50_2_all.pdf>
Package pdftex.def Info: aa_50_2_all.pdf  used on input line 48.
(pdftex.def)             Requested size: 873.53607pt x 891.07687pt.
<aa_50_2_all.pdf, id=90, page=1, 873.5382pt x 891.07906pt>
File: aa_50_2_all.pdf Graphic file (type pdf)
<use aa_50_2_all.pdf, page 1>
Package pdftex.def Info: aa_50_2_all.pdf , page1 used on input line 48.
(pdftex.def)             Requested size: 873.53607pt x 891.07687pt.
File: aa_50_2_all.pdf Graphic file (type pdf)
<use aa_50_2_all.pdf, page 1>
Package pdftex.def Info: aa_50_2_all.pdf , page1 used on input line 48.
(pdftex.def)             Requested size: 614.67155pt x 627.01431pt.
File: aa_50_2_all.pdf Graphic file (type pdf)
<use aa_50_2_all.pdf, page 1>
Package pdftex.def Info: aa_50_2_all.pdf , page1 used on input line 48.
(pdftex.def)             Requested size: 614.67155pt x 627.01431pt.
File: aa_50_2_all.pdf Graphic file (type pdf)
<use aa_50_2_all.pdf, page 1>
Package pdftex.def Info: aa_50_2_all.pdf , page1 used on input line 48.
(pdftex.def)             Requested size: 614.67155pt x 627.01431pt.
File: aa_50_2_all.pdf Graphic file (type pdf)
<use aa_50_2_all.pdf, page 1>
Package pdftex.def Info: aa_50_2_all.pdf , page1 used on input line 48.
(pdftex.def)             Requested size: 614.67155pt x 627.01431pt.
 [3 <./aa_50_2_all.pdf>]
<aa_50_3_all.pdf, id=129, 870.33873pt x 891.07906pt>
File: aa_50_3_all.pdf Graphic file (type pdf)
<use aa_50_3_all.pdf>
Package pdftex.def Info: aa_50_3_all.pdf  used on input line 49.
(pdftex.def)             Requested size: 870.33661pt x 891.07687pt.
File: aa_50_3_all.pdf Graphic file (type pdf)
<use aa_50_3_all.pdf>
Package pdftex.def Info: aa_50_3_all.pdf  used on input line 49.
(pdftex.def)             Requested size: 870.33661pt x 891.07687pt.
<aa_50_3_all.pdf, id=132, page=1, 870.33873pt x 891.07906pt>
File: aa_50_3_all.pdf Graphic file (type pdf)
<use aa_50_3_all.pdf, page 1>
Package pdftex.def Info: aa_50_3_all.pdf , page1 used on input line 49.
(pdftex.def)             Requested size: 870.33661pt x 891.07687pt.
File: aa_50_3_all.pdf Graphic file (type pdf)
<use aa_50_3_all.pdf, page 1>
Package pdftex.def Info: aa_50_3_all.pdf , page1 used on input line 49.
(pdftex.def)             Requested size: 614.5318pt x 629.1762pt.
File: aa_50_3_all.pdf Graphic file (type pdf)
<use aa_50_3_all.pdf, page 1>
Package pdftex.def Info: aa_50_3_all.pdf , page1 used on input line 49.
(pdftex.def)             Requested size: 614.5318pt x 629.1762pt.
File: aa_50_3_all.pdf Graphic file (type pdf)
<use aa_50_3_all.pdf, page 1>
Package pdftex.def Info: aa_50_3_all.pdf , page1 used on input line 49.
(pdftex.def)             Requested size: 614.5318pt x 629.1762pt.
File: aa_50_3_all.pdf Graphic file (type pdf)
<use aa_50_3_all.pdf, page 1>
Package pdftex.def Info: aa_50_3_all.pdf , page1 used on input line 49.
(pdftex.def)             Requested size: 614.5318pt x 629.1762pt.
 [4 <./aa_50_3_all.pdf>]
<aa_70_1_all.pdf, id=171, 870.33873pt x 891.07906pt>
File: aa_70_1_all.pdf Graphic file (type pdf)
<use aa_70_1_all.pdf>
Package pdftex.def Info: aa_70_1_all.pdf  used on input line 50.
(pdftex.def)             Requested size: 870.33661pt x 891.07687pt.
File: aa_70_1_all.pdf Graphic file (type pdf)
<use aa_70_1_all.pdf>
Package pdftex.def Info: aa_70_1_all.pdf  used on input line 50.
(pdftex.def)             Requested size: 870.33661pt x 891.07687pt.
<aa_70_1_all.pdf, id=174, page=1, 870.33873pt x 891.07906pt>
File: aa_70_1_all.pdf Graphic file (type pdf)
<use aa_70_1_all.pdf, page 1>
Package pdftex.def Info: aa_70_1_all.pdf , page1 used on input line 50.
(pdftex.def)             Requested size: 870.33661pt x 891.07687pt.
File: aa_70_1_all.pdf Graphic file (type pdf)
<use aa_70_1_all.pdf, page 1>
Package pdftex.def Info: aa_70_1_all.pdf , page1 used on input line 50.
(pdftex.def)             Requested size: 614.5318pt x 629.1762pt.
File: aa_70_1_all.pdf Graphic file (type pdf)
<use aa_70_1_all.pdf, page 1>
Package pdftex.def Info: aa_70_1_all.pdf , page1 used on input line 50.
(pdftex.def)             Requested size: 614.5318pt x 629.1762pt.
File: aa_70_1_all.pdf Graphic file (type pdf)
<use aa_70_1_all.pdf, page 1>
Package pdftex.def Info: aa_70_1_all.pdf , page1 used on input line 50.
(pdftex.def)             Requested size: 614.5318pt x 629.1762pt.
File: aa_70_1_all.pdf Graphic file (type pdf)
<use aa_70_1_all.pdf, page 1>
Package pdftex.def Info: aa_70_1_all.pdf , page1 used on input line 50.
(pdftex.def)             Requested size: 614.5318pt x 629.1762pt.
[5 <./aa_70_1_all.pdf>]
<aa_70_2_all.pdf, id=213, 873.5382pt x 891.07906pt>
File: aa_70_2_all.pdf Graphic file (type pdf)
<use aa_70_2_all.pdf>
Package pdftex.def Info: aa_70_2_all.pdf  used on input line 51.
(pdftex.def)             Requested size: 873.53607pt x 891.07687pt.
File: aa_70_2_all.pdf Graphic file (type pdf)
<use aa_70_2_all.pdf>
Package pdftex.def Info: aa_70_2_all.pdf  used on input line 51.
(pdftex.def)             Requested size: 873.53607pt x 891.07687pt.
<aa_70_2_all.pdf, id=216, page=1, 873.5382pt x 891.07906pt>
File: aa_70_2_all.pdf Graphic file (type pdf)
<use aa_70_2_all.pdf, page 1>
Package pdftex.def Info: aa_70_2_all.pdf , page1 used on input line 51.
(pdftex.def)             Requested size: 873.53607pt x 891.07687pt.
File: aa_70_2_all.pdf Graphic file (type pdf)
<use aa_70_2_all.pdf, page 1>
Package pdftex.def Info: aa_70_2_all.pdf , page1 used on input line 51.
(pdftex.def)             Requested size: 614.67155pt x 627.01431pt.
File: aa_70_2_all.pdf Graphic file (type pdf)
<use aa_70_2_all.pdf, page 1>
Package pdftex.def Info: aa_70_2_all.pdf , page1 used on input line 51.
(pdftex.def)             Requested size: 614.67155pt x 627.01431pt.
File: aa_70_2_all.pdf Graphic file (type pdf)
<use aa_70_2_all.pdf, page 1>
Package pdftex.def Info: aa_70_2_all.pdf , page1 used on input line 51.
(pdftex.def)             Requested size: 614.67155pt x 627.01431pt.
File: aa_70_2_all.pdf Graphic file (type pdf)
<use aa_70_2_all.pdf, page 1>
Package pdftex.def Info: aa_70_2_all.pdf , page1 used on input line 51.
(pdftex.def)             Requested size: 614.67155pt x 627.01431pt.
 [6 <./aa_70_2_all.pdf>]
<aa_70_3_all.pdf, id=255, 870.33873pt x 891.07906pt>
File: aa_70_3_all.pdf Graphic file (type pdf)
<use aa_70_3_all.pdf>
Package pdftex.def Info: aa_70_3_all.pdf  used on input line 52.
(pdftex.def)             Requested size: 870.33661pt x 891.07687pt.
File: aa_70_3_all.pdf Graphic file (type pdf)
<use aa_70_3_all.pdf>
Package pdftex.def Info: aa_70_3_all.pdf  used on input line 52.
(pdftex.def)             Requested size: 870.33661pt x 891.07687pt.
<aa_70_3_all.pdf, id=258, page=1, 870.33873pt x 891.07906pt>
File: aa_70_3_all.pdf Graphic file (type pdf)
<use aa_70_3_all.pdf, page 1>
Package pdftex.def Info: aa_70_3_all.pdf , page1 used on input line 52.
(pdftex.def)             Requested size: 870.33661pt x 891.07687pt.
File: aa_70_3_all.pdf Graphic file (type pdf)
<use aa_70_3_all.pdf, page 1>
Package pdftex.def Info: aa_70_3_all.pdf , page1 used on input line 52.
(pdftex.def)             Requested size: 614.5318pt x 629.1762pt.
File: aa_70_3_all.pdf Graphic file (type pdf)
<use aa_70_3_all.pdf, page 1>
Package pdftex.def Info: aa_70_3_all.pdf , page1 used on input line 52.
(pdftex.def)             Requested size: 614.5318pt x 629.1762pt.
File: aa_70_3_all.pdf Graphic file (type pdf)
<use aa_70_3_all.pdf, page 1>
Package pdftex.def Info: aa_70_3_all.pdf , page1 used on input line 52.
(pdftex.def)             Requested size: 614.5318pt x 629.1762pt.
File: aa_70_3_all.pdf Graphic file (type pdf)
<use aa_70_3_all.pdf, page 1>
Package pdftex.def Info: aa_70_3_all.pdf , page1 used on input line 52.
(pdftex.def)             Requested size: 614.5318pt x 629.1762pt.
 [7 <./aa_70_3_all.pdf>]
<aa-new_90_1_all.pdf, id=298, 870.33873pt x 891.07906pt>
File: aa-new_90_1_all.pdf Graphic file (type pdf)
<use aa-new_90_1_all.pdf>
Package pdftex.def Info: aa-new_90_1_all.pdf  used on input line 54.
(pdftex.def)             Requested size: 870.33661pt x 891.07687pt.
File: aa-new_90_1_all.pdf Graphic file (type pdf)
<use aa-new_90_1_all.pdf>
Package pdftex.def Info: aa-new_90_1_all.pdf  used on input line 54.
(pdftex.def)             Requested size: 870.33661pt x 891.07687pt.
<aa-new_90_1_all.pdf, id=301, page=1, 870.33873pt x 891.07906pt>
File: aa-new_90_1_all.pdf Graphic file (type pdf)
<use aa-new_90_1_all.pdf, page 1>
Package pdftex.def Info: aa-new_90_1_all.pdf , page1 used on input line 54.
(pdftex.def)             Requested size: 870.33661pt x 891.07687pt.
File: aa-new_90_1_all.pdf Graphic file (type pdf)
<use aa-new_90_1_all.pdf, page 1>
Package pdftex.def Info: aa-new_90_1_all.pdf , page1 used on input line 54.
(pdftex.def)             Requested size: 614.5318pt x 629.1762pt.
File: aa-new_90_1_all.pdf Graphic file (type pdf)
<use aa-new_90_1_all.pdf, page 1>
Package pdftex.def Info: aa-new_90_1_all.pdf , page1 used on input line 54.
(pdftex.def)             Requested size: 614.5318pt x 629.1762pt.
File: aa-new_90_1_all.pdf Graphic file (type pdf)
<use aa-new_90_1_all.pdf, page 1>
Package pdftex.def Info: aa-new_90_1_all.pdf , page1 used on input line 54.
(pdftex.def)             Requested size: 614.5318pt x 629.1762pt.
File: aa-new_90_1_all.pdf Graphic file (type pdf)
<use aa-new_90_1_all.pdf, page 1>
Package pdftex.def Info: aa-new_90_1_all.pdf , page1 used on input line 54.
(pdftex.def)             Requested size: 614.5318pt x 629.1762pt.

[8 <./aa-new_90_1_all.pdf>]
<aa-new_90_2_all.pdf, id=342, 873.5382pt x 891.07906pt>
File: aa-new_90_2_all.pdf Graphic file (type pdf)
<use aa-new_90_2_all.pdf>
Package pdftex.def Info: aa-new_90_2_all.pdf  used on input line 55.
(pdftex.def)             Requested size: 873.53607pt x 891.07687pt.
File: aa-new_90_2_all.pdf Graphic file (type pdf)
<use aa-new_90_2_all.pdf>
Package pdftex.def Info: aa-new_90_2_all.pdf  used on input line 55.
(pdftex.def)             Requested size: 873.53607pt x 891.07687pt.
<aa-new_90_2_all.pdf, id=345, page=1, 873.5382pt x 891.07906pt>
File: aa-new_90_2_all.pdf Graphic file (type pdf)
<use aa-new_90_2_all.pdf, page 1>
Package pdftex.def Info: aa-new_90_2_all.pdf , page1 used on input line 55.
(pdftex.def)             Requested size: 873.53607pt x 891.07687pt.
File: aa-new_90_2_all.pdf Graphic file (type pdf)
<use aa-new_90_2_all.pdf, page 1>
Package pdftex.def Info: aa-new_90_2_all.pdf , page1 used on input line 55.
(pdftex.def)             Requested size: 614.67155pt x 627.01431pt.
File: aa-new_90_2_all.pdf Graphic file (type pdf)
<use aa-new_90_2_all.pdf, page 1>
Package pdftex.def Info: aa-new_90_2_all.pdf , page1 used on input line 55.
(pdftex.def)             Requested size: 614.67155pt x 627.01431pt.
File: aa-new_90_2_all.pdf Graphic file (type pdf)
<use aa-new_90_2_all.pdf, page 1>
Package pdftex.def Info: aa-new_90_2_all.pdf , page1 used on input line 55.
(pdftex.def)             Requested size: 614.67155pt x 627.01431pt.
File: aa-new_90_2_all.pdf Graphic file (type pdf)
<use aa-new_90_2_all.pdf, page 1>
Package pdftex.def Info: aa-new_90_2_all.pdf , page1 used on input line 55.
(pdftex.def)             Requested size: 614.67155pt x 627.01431pt.
 [9 <./aa-new_90_2_all.pdf>]
<aa-new_90_t_all.pdf, id=386, 873.5382pt x 891.07906pt>
File: aa-new_90_t_all.pdf Graphic file (type pdf)
<use aa-new_90_t_all.pdf>
Package pdftex.def Info: aa-new_90_t_all.pdf  used on input line 56.
(pdftex.def)             Requested size: 873.53607pt x 891.07687pt.
File: aa-new_90_t_all.pdf Graphic file (type pdf)
<use aa-new_90_t_all.pdf>
Package pdftex.def Info: aa-new_90_t_all.pdf  used on input line 56.
(pdftex.def)             Requested size: 873.53607pt x 891.07687pt.
<aa-new_90_t_all.pdf, id=389, page=1, 873.5382pt x 891.07906pt>
File: aa-new_90_t_all.pdf Graphic file (type pdf)
<use aa-new_90_t_all.pdf, page 1>
Package pdftex.def Info: aa-new_90_t_all.pdf , page1 used on input line 56.
(pdftex.def)             Requested size: 873.53607pt x 891.07687pt.
File: aa-new_90_t_all.pdf Graphic file (type pdf)
<use aa-new_90_t_all.pdf, page 1>
Package pdftex.def Info: aa-new_90_t_all.pdf , page1 used on input line 56.
(pdftex.def)             Requested size: 614.67155pt x 627.01431pt.
File: aa-new_90_t_all.pdf Graphic file (type pdf)
<use aa-new_90_t_all.pdf, page 1>
Package pdftex.def Info: aa-new_90_t_all.pdf , page1 used on input line 56.
(pdftex.def)             Requested size: 614.67155pt x 627.01431pt.
File: aa-new_90_t_all.pdf Graphic file (type pdf)
<use aa-new_90_t_all.pdf, page 1>
Package pdftex.def Info: aa-new_90_t_all.pdf , page1 used on input line 56.
(pdftex.def)             Requested size: 614.67155pt x 627.01431pt.
File: aa-new_90_t_all.pdf Graphic file (type pdf)
<use aa-new_90_t_all.pdf, page 1>
Package pdftex.def Info: aa-new_90_t_all.pdf , page1 used on input line 56.
(pdftex.def)             Requested size: 614.67155pt x 627.01431pt.
 [10 <./aa-new_90_t_all.pdf>]
<aa-new_90_3_all.pdf, id=430, 873.5382pt x 891.07906pt>
File: aa-new_90_3_all.pdf Graphic file (type pdf)
<use aa-new_90_3_all.pdf>
Package pdftex.def Info: aa-new_90_3_all.pdf  used on input line 57.
(pdftex.def)             Requested size: 873.53607pt x 891.07687pt.
File: aa-new_90_3_all.pdf Graphic file (type pdf)
<use aa-new_90_3_all.pdf>
Package pdftex.def Info: aa-new_90_3_all.pdf  used on input line 57.
(pdftex.def)             Requested size: 873.53607pt x 891.07687pt.
<aa-new_90_3_all.pdf, id=433, page=1, 873.5382pt x 891.07906pt>
File: aa-new_90_3_all.pdf Graphic file (type pdf)
<use aa-new_90_3_all.pdf, page 1>
Package pdftex.def Info: aa-new_90_3_all.pdf , page1 used on input line 57.
(pdftex.def)             Requested size: 873.53607pt x 891.07687pt.
File: aa-new_90_3_all.pdf Graphic file (type pdf)
<use aa-new_90_3_all.pdf, page 1>
Package pdftex.def Info: aa-new_90_3_all.pdf , page1 used on input line 57.
(pdftex.def)             Requested size: 614.67155pt x 627.01431pt.
File: aa-new_90_3_all.pdf Graphic file (type pdf)
<use aa-new_90_3_all.pdf, page 1>
Package pdftex.def Info: aa-new_90_3_all.pdf , page1 used on input line 57.
(pdftex.def)             Requested size: 614.67155pt x 627.01431pt.
File: aa-new_90_3_all.pdf Graphic file (type pdf)
<use aa-new_90_3_all.pdf, page 1>
Package pdftex.def Info: aa-new_90_3_all.pdf , page1 used on input line 57.
(pdftex.def)             Requested size: 614.67155pt x 627.01431pt.
File: aa-new_90_3_all.pdf Graphic file (type pdf)
<use aa-new_90_3_all.pdf, page 1>
Package pdftex.def Info: aa-new_90_3_all.pdf , page1 used on input line 57.
(pdftex.def)             Requested size: 614.67155pt x 627.01431pt.
 [11 <./aa-new_90_3_all.pdf>]
<aa_110_1_all.pdf, id=474, 870.33873pt x 891.07906pt>
File: aa_110_1_all.pdf Graphic file (type pdf)
<use aa_110_1_all.pdf>
Package pdftex.def Info: aa_110_1_all.pdf  used on input line 59.
(pdftex.def)             Requested size: 870.33661pt x 891.07687pt.
File: aa_110_1_all.pdf Graphic file (type pdf)
<use aa_110_1_all.pdf>
Package pdftex.def Info: aa_110_1_all.pdf  used on input line 59.
(pdftex.def)             Requested size: 870.33661pt x 891.07687pt.
<aa_110_1_all.pdf, id=477, page=1, 870.33873pt x 891.07906pt>
File: aa_110_1_all.pdf Graphic file (type pdf)
<use aa_110_1_all.pdf, page 1>
Package pdftex.def Info: aa_110_1_all.pdf , page1 used on input line 59.
(pdftex.def)             Requested size: 870.33661pt x 891.07687pt.
File: aa_110_1_all.pdf Graphic file (type pdf)
<use aa_110_1_all.pdf, page 1>
Package pdftex.def Info: aa_110_1_all.pdf , page1 used on input line 59.
(pdftex.def)             Requested size: 614.5318pt x 629.1762pt.
File: aa_110_1_all.pdf Graphic file (type pdf)
<use aa_110_1_all.pdf, page 1>
Package pdftex.def Info: aa_110_1_all.pdf , page1 used on input line 59.
(pdftex.def)             Requested size: 614.5318pt x 629.1762pt.
File: aa_110_1_all.pdf Graphic file (type pdf)
<use aa_110_1_all.pdf, page 1>
Package pdftex.def Info: aa_110_1_all.pdf , page1 used on input line 59.
(pdftex.def)             Requested size: 614.5318pt x 629.1762pt.
File: aa_110_1_all.pdf Graphic file (type pdf)
<use aa_110_1_all.pdf, page 1>
Package pdftex.def Info: aa_110_1_all.pdf , page1 used on input line 59.
(pdftex.def)             Requested size: 614.5318pt x 629.1762pt.
 [12 <./aa_110_1_all.pdf>]
<aa_110_2_all.pdf, id=516, 873.5382pt x 891.07906pt>
File: aa_110_2_all.pdf Graphic file (type pdf)
<use aa_110_2_all.pdf>
Package pdftex.def Info: aa_110_2_all.pdf  used on input line 60.
(pdftex.def)             Requested size: 873.53607pt x 891.07687pt.
File: aa_110_2_all.pdf Graphic file (type pdf)
<use aa_110_2_all.pdf>
Package pdftex.def Info: aa_110_2_all.pdf  used on input line 60.
(pdftex.def)             Requested size: 873.53607pt x 891.07687pt.
<aa_110_2_all.pdf, id=519, page=1, 873.5382pt x 891.07906pt>
File: aa_110_2_all.pdf Graphic file (type pdf)
<use aa_110_2_all.pdf, page 1>
Package pdftex.def Info: aa_110_2_all.pdf , page1 used on input line 60.
(pdftex.def)             Requested size: 873.53607pt x 891.07687pt.
File: aa_110_2_all.pdf Graphic file (type pdf)
<use aa_110_2_all.pdf, page 1>
Package pdftex.def Info: aa_110_2_all.pdf , page1 used on input line 60.
(pdftex.def)             Requested size: 614.67155pt x 627.01431pt.
File: aa_110_2_all.pdf Graphic file (type pdf)
<use aa_110_2_all.pdf, page 1>
Package pdftex.def Info: aa_110_2_all.pdf , page1 used on input line 60.
(pdftex.def)             Requested size: 614.67155pt x 627.01431pt.
File: aa_110_2_all.pdf Graphic file (type pdf)
<use aa_110_2_all.pdf, page 1>
Package pdftex.def Info: aa_110_2_all.pdf , page1 used on input line 60.
(pdftex.def)             Requested size: 614.67155pt x 627.01431pt.
File: aa_110_2_all.pdf Graphic file (type pdf)
<use aa_110_2_all.pdf, page 1>
Package pdftex.def Info: aa_110_2_all.pdf , page1 used on input line 60.
(pdftex.def)             Requested size: 614.67155pt x 627.01431pt.
 [13 <./aa_110_2_all.pdf>]
<aa_110_3_all.pdf, id=560, 870.33873pt x 891.07906pt>
File: aa_110_3_all.pdf Graphic file (type pdf)
<use aa_110_3_all.pdf>
Package pdftex.def Info: aa_110_3_all.pdf  used on input line 61.
(pdftex.def)             Requested size: 870.33661pt x 891.07687pt.
File: aa_110_3_all.pdf Graphic file (type pdf)
<use aa_110_3_all.pdf>
Package pdftex.def Info: aa_110_3_all.pdf  used on input line 61.
(pdftex.def)             Requested size: 870.33661pt x 891.07687pt.
<aa_110_3_all.pdf, id=563, page=1, 870.33873pt x 891.07906pt>
File: aa_110_3_all.pdf Graphic file (type pdf)
<use aa_110_3_all.pdf, page 1>
Package pdftex.def Info: aa_110_3_all.pdf , page1 used on input line 61.
(pdftex.def)             Requested size: 870.33661pt x 891.07687pt.
File: aa_110_3_all.pdf Graphic file (type pdf)
<use aa_110_3_all.pdf, page 1>
Package pdftex.def Info: aa_110_3_all.pdf , page1 used on input line 61.
(pdftex.def)             Requested size: 614.5318pt x 629.1762pt.
File: aa_110_3_all.pdf Graphic file (type pdf)
<use aa_110_3_all.pdf, page 1>
Package pdftex.def Info: aa_110_3_all.pdf , page1 used on input line 61.
(pdftex.def)             Requested size: 614.5318pt x 629.1762pt.
File: aa_110_3_all.pdf Graphic file (type pdf)
<use aa_110_3_all.pdf, page 1>
Package pdftex.def Info: aa_110_3_all.pdf , page1 used on input line 61.
(pdftex.def)             Requested size: 614.5318pt x 629.1762pt.
File: aa_110_3_all.pdf Graphic file (type pdf)
<use aa_110_3_all.pdf, page 1>
Package pdftex.def Info: aa_110_3_all.pdf , page1 used on input line 61.
(pdftex.def)             Requested size: 614.5318pt x 629.1762pt.
 [14 <./aa_110_3_all.pdf>] (./timescales.aux) ) 
Here is how much of TeX's memory you used:
 2798 strings out of 481239
 42416 string characters out of 5920377
 277717 words of memory out of 5000000
 18052 multiletter control sequences out of 15000+600000
 532338 words of font info for 24 fonts, out of 8000000 for 9000
 1141 hyphenation exceptions out of 8191
 40i,18n,45p,241b,425s stack positions out of 5000i,500n,10000p,200000b,80000s

Output written on timescales.pdf (14 pages, 7777006 bytes).
PDF statistics:
 605 PDF objects out of 1000 (max. 8388607)
 117 compressed objects within 2 object streams
 0 named destinations out of 1000 (max. 500000)
 281 words of extra memory for PDF output out of 10000 (max. 10000000)

