This is pdfTeX, Version 3.14159265-2.6-1.40.20 (TeX Live 2019/Debian) (preloaded format=pdflatex 2024.3.15)  30 MAR 2025 17:58
entering extended mode
 restricted \write18 enabled.
 %&-line parsing enabled.
**hmff.tex
(./hmff.tex
LaTeX2e <2020-02-02> patch level 2
L3 programming layer <2020-02-14>
(/usr/share/texlive/texmf-dist/tex/latex/base/article.cls
Document Class: article 2019/12/20 v1.4l Standard LaTeX document class
(/usr/share/texlive/texmf-dist/tex/latex/base/size10.clo
File: size10.clo 2019/12/20 v1.4l Standard LaTeX file (size option)
)
\c@part=\count167
\c@section=\count168
\c@subsection=\count169
\c@subsubsection=\count170
\c@paragraph=\count171
\c@subparagraph=\count172
\c@figure=\count173
\c@table=\count174
\abovecaptionskip=\skip47
\belowcaptionskip=\skip48
\bibindent=\dimen134
)
(/usr/share/texlive/texmf-dist/tex/latex/pdfpages/pdfpages.sty
Package: pdfpages 2020/01/28 v0.5q Insert pages of external PDF documents (AM)

(/usr/share/texlive/texmf-dist/tex/latex/base/ifthen.sty
Package: ifthen 2014/09/29 v1.1c Standard LaTeX ifthen package (DPC)
)
(/usr/share/texlive/texmf-dist/tex/latex/tools/calc.sty
Package: calc 2017/05/25 v4.3 Infix arithmetic (KKT,FJ)
\calc@Acount=\count175
\calc@Bcount=\count176
\calc@Adimen=\dimen135
\calc@Bdimen=\dimen136
\calc@Askip=\skip49
\calc@Bskip=\skip50
LaTeX Info: Redefining \setlength on input line 80.
LaTeX Info: Redefining \addtolength on input line 81.
\calc@Ccount=\count177
\calc@Cskip=\skip51
)
(/usr/share/texlive/texmf-dist/tex/latex/eso-pic/eso-pic.sty
Package: eso-pic 2018/04/12 v2.0h eso-pic (RN)

(/usr/share/texlive/texmf-dist/tex/generic/atbegshi/atbegshi.sty
Package: atbegshi 2019/12/05 v1.19 At begin shipout hook (HO)

(/usr/share/texlive/texmf-dist/tex/generic/infwarerr/infwarerr.sty
Package: infwarerr 2019/12/03 v1.5 Providing info/warning/error messages (HO)
)
(/usr/share/texlive/texmf-dist/tex/generic/ltxcmds/ltxcmds.sty
Package: ltxcmds 2019/12/15 v1.24 LaTeX kernel commands for general use (HO)
)
(/usr/share/texlive/texmf-dist/tex/generic/iftex/iftex.sty
Package: iftex 2019/11/07 v1.0c TeX engine tests
))
(/usr/share/texlive/texmf-dist/tex/latex/graphics/keyval.sty
Package: keyval 2014/10/28 v1.15 key=value parser (DPC)
\KV@toks@=\toks14
)
(/usr/share/texlive/texmf-dist/tex/latex/xcolor/xcolor.sty
Package: xcolor 2016/05/11 v2.12 LaTeX color extensions (UK)

(/usr/share/texlive/texmf-dist/tex/latex/graphics-cfg/color.cfg
File: color.cfg 2016/01/02 v1.6 sample color configuration
)
Package xcolor Info: Driver file: pdftex.def on input line 225.

(/usr/share/texlive/texmf-dist/tex/latex/graphics-def/pdftex.def
File: pdftex.def 2018/01/08 v1.0l Graphics/color driver for pdftex
)
Package xcolor Info: Model `cmy' substituted by `cmy0' on input line 1348.
Package xcolor Info: Model `hsb' substituted by `rgb' on input line 1352.
Package xcolor Info: Model `RGB' extended on input line 1364.
Package xcolor Info: Model `HTML' substituted by `rgb' on input line 1366.
Package xcolor Info: Model `Hsb' substituted by `hsb' on input line 1367.
Package xcolor Info: Model `tHsb' substituted by `hsb' on input line 1368.
Package xcolor Info: Model `HSB' substituted by `hsb' on input line 1369.
Package xcolor Info: Model `Gray' substituted by `gray' on input line 1370.
Package xcolor Info: Model `wave' substituted by `hsb' on input line 1371.
))
(/usr/share/texlive/texmf-dist/tex/latex/graphics/graphicx.sty
Package: graphicx 2019/11/30 v1.2a Enhanced LaTeX Graphics (DPC,SPQR)

(/usr/share/texlive/texmf-dist/tex/latex/graphics/graphics.sty
Package: graphics 2019/11/30 v1.4a Standard LaTeX Graphics (DPC,SPQR)

(/usr/share/texlive/texmf-dist/tex/latex/graphics/trig.sty
Package: trig 2016/01/03 v1.10 sin cos tan (DPC)
)
(/usr/share/texlive/texmf-dist/tex/latex/graphics-cfg/graphics.cfg
File: graphics.cfg 2016/06/04 v1.11 sample graphics configuration
)
Package graphics Info: Driver file: pdftex.def on input line 105.
)
\Gin@req@height=\dimen137
\Gin@req@width=\dimen138
)
\AM@pagewidth=\dimen139
\AM@pageheight=\dimen140

(/usr/share/texlive/texmf-dist/tex/latex/pdfpages/pppdftex.def
File: pppdftex.def 2020/01/28 v0.5q Pdfpages driver for pdfTeX (AM)
)
\AM@pagebox=\box45
\AM@global@opts=\toks15
\AM@pagecnt=\count178
\AM@toc@title=\toks16
\c@AM@survey=\count179
\AM@templatesizebox=\box46
)
(/usr/share/texlive/texmf-dist/tex/latex/l3backend/l3backend-pdfmode.def
File: l3backend-pdfmode.def 2020-02-03 L3 backend support: PDF mode
\l__kernel_color_stack_int=\count180
\l__pdf_internal_box=\box47
)
(./hmff.aux)
\openout1 = `hmff.aux'.

LaTeX Font Info:    Checking defaults for OML/cmm/m/it on input line 44.
LaTeX Font Info:    ... okay on input line 44.
LaTeX Font Info:    Checking defaults for OMS/cmsy/m/n on input line 44.
LaTeX Font Info:    ... okay on input line 44.
LaTeX Font Info:    Checking defaults for OT1/cmr/m/n on input line 44.
LaTeX Font Info:    ... okay on input line 44.
LaTeX Font Info:    Checking defaults for T1/cmr/m/n on input line 44.
LaTeX Font Info:    ... okay on input line 44.
LaTeX Font Info:    Checking defaults for TS1/cmr/m/n on input line 44.
LaTeX Font Info:    ... okay on input line 44.
LaTeX Font Info:    Checking defaults for OMX/cmex/m/n on input line 44.
LaTeX Font Info:    ... okay on input line 44.
LaTeX Font Info:    Checking defaults for U/cmr/m/n on input line 44.
LaTeX Font Info:    ... okay on input line 44.
\AtBeginShipoutBox=\box48
 (/usr/share/texlive/texmf-dist/tex/context/base/mkii/supp-pdf.mkii
[Loading MPS to PDF converter (version 2006.09.02).]
\scratchcounter=\count181
\scratchdimen=\dimen141
\scratchbox=\box49
\nofMPsegments=\count182
\nofMParguments=\count183
\everyMPshowfont=\toks17
\MPscratchCnt=\count184
\MPscratchDim=\dimen142
\MPnumerator=\count185
\makeMPintoPDFobject=\count186
\everyMPtoPDFconversion=\toks18
) (/usr/share/texlive/texmf-dist/tex/latex/epstopdf-pkg/epstopdf-base.sty
Package: epstopdf-base 2020-01-24 v2.11 Base part for package epstopdf
Package epstopdf-base Info: Redefining graphics rule for `.eps' on input line 4
85.

(/usr/share/texlive/texmf-dist/tex/latex/latexconfig/epstopdf-sys.cfg
File: epstopdf-sys.cfg 2010/07/13 v1.3 Configuration of (r)epstopdf for TeX Liv
e
))
(/usr/share/texlive/texmf-dist/tex/latex/pdflscape/pdflscape.sty
Package: pdflscape 2019/12/05 v0.12 Display of landscape pages in PDF (HO)

(/usr/share/texlive/texmf-dist/tex/latex/graphics/lscape.sty
Package: lscape 2000/10/22 v3.01 Landscape Pages (DPC)
)
Package pdflscape Info: Auto-detected driver: pdftex on input line 81.
)
<hMff_micelle_40SDS_CHARMM_310K_Na_Neut_OPC_replica1_N_HN.pdf, id=1, 1044.04434
pt x 891.07906pt>
File: hMff_micelle_40SDS_CHARMM_310K_Na_Neut_OPC_replica1_N_HN.pdf Graphic file
 (type pdf)
<use hMff_micelle_40SDS_CHARMM_310K_Na_Neut_OPC_replica1_N_HN.pdf>
Package pdftex.def Info: hMff_micelle_40SDS_CHARMM_310K_Na_Neut_OPC_replica1_N_
HN.pdf  used on input line 45.
(pdftex.def)             Requested size: 1044.04181pt x 891.07687pt.
File: hMff_micelle_40SDS_CHARMM_310K_Na_Neut_OPC_replica1_N_HN.pdf Graphic file
 (type pdf)
<use hMff_micelle_40SDS_CHARMM_310K_Na_Neut_OPC_replica1_N_HN.pdf>
Package pdftex.def Info: hMff_micelle_40SDS_CHARMM_310K_Na_Neut_OPC_replica1_N_
HN.pdf  used on input line 45.
(pdftex.def)             Requested size: 1044.04181pt x 891.07687pt.
<hMff_micelle_40SDS_CHARMM_310K_Na_Neut_OPC_replica1_N_HN.pdf, id=4, page=1, 10
44.04434pt x 891.07906pt>
File: hMff_micelle_40SDS_CHARMM_310K_Na_Neut_OPC_replica1_N_HN.pdf Graphic file
 (type pdf)
<use hMff_micelle_40SDS_CHARMM_310K_Na_Neut_OPC_replica1_N_HN.pdf, page 1>
Package pdftex.def Info: hMff_micelle_40SDS_CHARMM_310K_Na_Neut_OPC_replica1_N_
HN.pdf , page1 used on input line 45.
(pdftex.def)             Requested size: 1044.04181pt x 891.07687pt.
File: hMff_micelle_40SDS_CHARMM_310K_Na_Neut_OPC_replica1_N_HN.pdf Graphic file
 (type pdf)
<use hMff_micelle_40SDS_CHARMM_310K_Na_Neut_OPC_replica1_N_HN.pdf, page 1>
Package pdftex.def Info: hMff_micelle_40SDS_CHARMM_310K_Na_Neut_OPC_replica1_N_
HN.pdf , page1 used on input line 45.
(pdftex.def)             Requested size: 614.3081pt x 524.30443pt.
File: hMff_micelle_40SDS_CHARMM_310K_Na_Neut_OPC_replica1_N_HN.pdf Graphic file
 (type pdf)
<use hMff_micelle_40SDS_CHARMM_310K_Na_Neut_OPC_replica1_N_HN.pdf, page 1>
Package pdftex.def Info: hMff_micelle_40SDS_CHARMM_310K_Na_Neut_OPC_replica1_N_
HN.pdf , page1 used on input line 45.
(pdftex.def)             Requested size: 614.3081pt x 524.30443pt.
File: hMff_micelle_40SDS_CHARMM_310K_Na_Neut_OPC_replica1_N_HN.pdf Graphic file
 (type pdf)
<use hMff_micelle_40SDS_CHARMM_310K_Na_Neut_OPC_replica1_N_HN.pdf, page 1>
Package pdftex.def Info: hMff_micelle_40SDS_CHARMM_310K_Na_Neut_OPC_replica1_N_
HN.pdf , page1 used on input line 45.
(pdftex.def)             Requested size: 614.3081pt x 524.30443pt.
File: hMff_micelle_40SDS_CHARMM_310K_Na_Neut_OPC_replica1_N_HN.pdf Graphic file
 (type pdf)
<use hMff_micelle_40SDS_CHARMM_310K_Na_Neut_OPC_replica1_N_HN.pdf, page 1>
Package pdftex.def Info: hMff_micelle_40SDS_CHARMM_310K_Na_Neut_OPC_replica1_N_
HN.pdf , page1 used on input line 45.
(pdftex.def)             Requested size: 614.3081pt x 524.30443pt.
 [1

 <./hMff_micelle_40SDS_CHARMM_310K_Na_Neut_OPC_replica1_N_HN.pdf>]
<hMff_micelle_40SDS_CHARMM_310K_Na_Neut_OPC_replica2_N_HN.pdf, id=59, 1040.8448
8pt x 891.07906pt>
File: hMff_micelle_40SDS_CHARMM_310K_Na_Neut_OPC_replica2_N_HN.pdf Graphic file
 (type pdf)
<use hMff_micelle_40SDS_CHARMM_310K_Na_Neut_OPC_replica2_N_HN.pdf>
Package pdftex.def Info: hMff_micelle_40SDS_CHARMM_310K_Na_Neut_OPC_replica2_N_
HN.pdf  used on input line 46.
(pdftex.def)             Requested size: 1040.84235pt x 891.07687pt.
File: hMff_micelle_40SDS_CHARMM_310K_Na_Neut_OPC_replica2_N_HN.pdf Graphic file
 (type pdf)
<use hMff_micelle_40SDS_CHARMM_310K_Na_Neut_OPC_replica2_N_HN.pdf>
Package pdftex.def Info: hMff_micelle_40SDS_CHARMM_310K_Na_Neut_OPC_replica2_N_
HN.pdf  used on input line 46.
(pdftex.def)             Requested size: 1040.84235pt x 891.07687pt.
<hMff_micelle_40SDS_CHARMM_310K_Na_Neut_OPC_replica2_N_HN.pdf, id=62, page=1, 1
040.84488pt x 891.07906pt>
File: hMff_micelle_40SDS_CHARMM_310K_Na_Neut_OPC_replica2_N_HN.pdf Graphic file
 (type pdf)
<use hMff_micelle_40SDS_CHARMM_310K_Na_Neut_OPC_replica2_N_HN.pdf, page 1>
Package pdftex.def Info: hMff_micelle_40SDS_CHARMM_310K_Na_Neut_OPC_replica2_N_
HN.pdf , page1 used on input line 46.
(pdftex.def)             Requested size: 1040.84235pt x 891.07687pt.
File: hMff_micelle_40SDS_CHARMM_310K_Na_Neut_OPC_replica2_N_HN.pdf Graphic file
 (type pdf)
<use hMff_micelle_40SDS_CHARMM_310K_Na_Neut_OPC_replica2_N_HN.pdf, page 1>
Package pdftex.def Info: hMff_micelle_40SDS_CHARMM_310K_Na_Neut_OPC_replica2_N_
HN.pdf , page1 used on input line 46.
(pdftex.def)             Requested size: 614.79198pt x 526.33034pt.
File: hMff_micelle_40SDS_CHARMM_310K_Na_Neut_OPC_replica2_N_HN.pdf Graphic file
 (type pdf)
<use hMff_micelle_40SDS_CHARMM_310K_Na_Neut_OPC_replica2_N_HN.pdf, page 1>
Package pdftex.def Info: hMff_micelle_40SDS_CHARMM_310K_Na_Neut_OPC_replica2_N_
HN.pdf , page1 used on input line 46.
(pdftex.def)             Requested size: 614.79198pt x 526.33034pt.
File: hMff_micelle_40SDS_CHARMM_310K_Na_Neut_OPC_replica2_N_HN.pdf Graphic file
 (type pdf)
<use hMff_micelle_40SDS_CHARMM_310K_Na_Neut_OPC_replica2_N_HN.pdf, page 1>
Package pdftex.def Info: hMff_micelle_40SDS_CHARMM_310K_Na_Neut_OPC_replica2_N_
HN.pdf , page1 used on input line 46.
(pdftex.def)             Requested size: 614.79198pt x 526.33034pt.
File: hMff_micelle_40SDS_CHARMM_310K_Na_Neut_OPC_replica2_N_HN.pdf Graphic file
 (type pdf)
<use hMff_micelle_40SDS_CHARMM_310K_Na_Neut_OPC_replica2_N_HN.pdf, page 1>
Package pdftex.def Info: hMff_micelle_40SDS_CHARMM_310K_Na_Neut_OPC_replica2_N_
HN.pdf , page1 used on input line 46.
(pdftex.def)             Requested size: 614.79198pt x 526.33034pt.
 [2 <./hMff_micelle_40SDS_CHARMM_310K_Na_Neut_OPC_replica2_N_HN.pdf>]
<hMff_micelle_40SDS_CHARMM_310K_Na_Neut_OPC_replica3_N_HN.pdf, id=115, 1040.844
88pt x 891.07906pt>
File: hMff_micelle_40SDS_CHARMM_310K_Na_Neut_OPC_replica3_N_HN.pdf Graphic file
 (type pdf)
<use hMff_micelle_40SDS_CHARMM_310K_Na_Neut_OPC_replica3_N_HN.pdf>
Package pdftex.def Info: hMff_micelle_40SDS_CHARMM_310K_Na_Neut_OPC_replica3_N_
HN.pdf  used on input line 47.
(pdftex.def)             Requested size: 1040.84235pt x 891.07687pt.
File: hMff_micelle_40SDS_CHARMM_310K_Na_Neut_OPC_replica3_N_HN.pdf Graphic file
 (type pdf)
<use hMff_micelle_40SDS_CHARMM_310K_Na_Neut_OPC_replica3_N_HN.pdf>
Package pdftex.def Info: hMff_micelle_40SDS_CHARMM_310K_Na_Neut_OPC_replica3_N_
HN.pdf  used on input line 47.
(pdftex.def)             Requested size: 1040.84235pt x 891.07687pt.
<hMff_micelle_40SDS_CHARMM_310K_Na_Neut_OPC_replica3_N_HN.pdf, id=118, page=1, 
1040.84488pt x 891.07906pt>
File: hMff_micelle_40SDS_CHARMM_310K_Na_Neut_OPC_replica3_N_HN.pdf Graphic file
 (type pdf)
<use hMff_micelle_40SDS_CHARMM_310K_Na_Neut_OPC_replica3_N_HN.pdf, page 1>
Package pdftex.def Info: hMff_micelle_40SDS_CHARMM_310K_Na_Neut_OPC_replica3_N_
HN.pdf , page1 used on input line 47.
(pdftex.def)             Requested size: 1040.84235pt x 891.07687pt.
File: hMff_micelle_40SDS_CHARMM_310K_Na_Neut_OPC_replica3_N_HN.pdf Graphic file
 (type pdf)
<use hMff_micelle_40SDS_CHARMM_310K_Na_Neut_OPC_replica3_N_HN.pdf, page 1>
Package pdftex.def Info: hMff_micelle_40SDS_CHARMM_310K_Na_Neut_OPC_replica3_N_
HN.pdf , page1 used on input line 47.
(pdftex.def)             Requested size: 614.79198pt x 526.33034pt.
File: hMff_micelle_40SDS_CHARMM_310K_Na_Neut_OPC_replica3_N_HN.pdf Graphic file
 (type pdf)
<use hMff_micelle_40SDS_CHARMM_310K_Na_Neut_OPC_replica3_N_HN.pdf, page 1>
Package pdftex.def Info: hMff_micelle_40SDS_CHARMM_310K_Na_Neut_OPC_replica3_N_
HN.pdf , page1 used on input line 47.
(pdftex.def)             Requested size: 614.79198pt x 526.33034pt.
File: hMff_micelle_40SDS_CHARMM_310K_Na_Neut_OPC_replica3_N_HN.pdf Graphic file
 (type pdf)
<use hMff_micelle_40SDS_CHARMM_310K_Na_Neut_OPC_replica3_N_HN.pdf, page 1>
Package pdftex.def Info: hMff_micelle_40SDS_CHARMM_310K_Na_Neut_OPC_replica3_N_
HN.pdf , page1 used on input line 47.
(pdftex.def)             Requested size: 614.79198pt x 526.33034pt.
File: hMff_micelle_40SDS_CHARMM_310K_Na_Neut_OPC_replica3_N_HN.pdf Graphic file
 (type pdf)
<use hMff_micelle_40SDS_CHARMM_310K_Na_Neut_OPC_replica3_N_HN.pdf, page 1>
Package pdftex.def Info: hMff_micelle_40SDS_CHARMM_310K_Na_Neut_OPC_replica3_N_
HN.pdf , page1 used on input line 47.
(pdftex.def)             Requested size: 614.79198pt x 526.33034pt.
 [3 <./hMff_micelle_40SDS_CHARMM_310K_Na_Neut_OPC_replica3_N_HN.pdf>]
<hMff_micelle_45SDS_CHARMM_310K_Na_Neut_OPC_replica1_N_HN.pdf, id=171, 1040.844
88pt x 891.07906pt>
File: hMff_micelle_45SDS_CHARMM_310K_Na_Neut_OPC_replica1_N_HN.pdf Graphic file
 (type pdf)
<use hMff_micelle_45SDS_CHARMM_310K_Na_Neut_OPC_replica1_N_HN.pdf>
Package pdftex.def Info: hMff_micelle_45SDS_CHARMM_310K_Na_Neut_OPC_replica1_N_
HN.pdf  used on input line 48.
(pdftex.def)             Requested size: 1040.84235pt x 891.07687pt.
File: hMff_micelle_45SDS_CHARMM_310K_Na_Neut_OPC_replica1_N_HN.pdf Graphic file
 (type pdf)
<use hMff_micelle_45SDS_CHARMM_310K_Na_Neut_OPC_replica1_N_HN.pdf>
Package pdftex.def Info: hMff_micelle_45SDS_CHARMM_310K_Na_Neut_OPC_replica1_N_
HN.pdf  used on input line 48.
(pdftex.def)             Requested size: 1040.84235pt x 891.07687pt.
<hMff_micelle_45SDS_CHARMM_310K_Na_Neut_OPC_replica1_N_HN.pdf, id=174, page=1, 
1040.84488pt x 891.07906pt>
File: hMff_micelle_45SDS_CHARMM_310K_Na_Neut_OPC_replica1_N_HN.pdf Graphic file
 (type pdf)
<use hMff_micelle_45SDS_CHARMM_310K_Na_Neut_OPC_replica1_N_HN.pdf, page 1>
Package pdftex.def Info: hMff_micelle_45SDS_CHARMM_310K_Na_Neut_OPC_replica1_N_
HN.pdf , page1 used on input line 48.
(pdftex.def)             Requested size: 1040.84235pt x 891.07687pt.
File: hMff_micelle_45SDS_CHARMM_310K_Na_Neut_OPC_replica1_N_HN.pdf Graphic file
 (type pdf)
<use hMff_micelle_45SDS_CHARMM_310K_Na_Neut_OPC_replica1_N_HN.pdf, page 1>
Package pdftex.def Info: hMff_micelle_45SDS_CHARMM_310K_Na_Neut_OPC_replica1_N_
HN.pdf , page1 used on input line 48.
(pdftex.def)             Requested size: 614.79198pt x 526.33034pt.
File: hMff_micelle_45SDS_CHARMM_310K_Na_Neut_OPC_replica1_N_HN.pdf Graphic file
 (type pdf)
<use hMff_micelle_45SDS_CHARMM_310K_Na_Neut_OPC_replica1_N_HN.pdf, page 1>
Package pdftex.def Info: hMff_micelle_45SDS_CHARMM_310K_Na_Neut_OPC_replica1_N_
HN.pdf , page1 used on input line 48.
(pdftex.def)             Requested size: 614.79198pt x 526.33034pt.
File: hMff_micelle_45SDS_CHARMM_310K_Na_Neut_OPC_replica1_N_HN.pdf Graphic file
 (type pdf)
<use hMff_micelle_45SDS_CHARMM_310K_Na_Neut_OPC_replica1_N_HN.pdf, page 1>
Package pdftex.def Info: hMff_micelle_45SDS_CHARMM_310K_Na_Neut_OPC_replica1_N_
HN.pdf , page1 used on input line 48.
(pdftex.def)             Requested size: 614.79198pt x 526.33034pt.
File: hMff_micelle_45SDS_CHARMM_310K_Na_Neut_OPC_replica1_N_HN.pdf Graphic file
 (type pdf)
<use hMff_micelle_45SDS_CHARMM_310K_Na_Neut_OPC_replica1_N_HN.pdf, page 1>
Package pdftex.def Info: hMff_micelle_45SDS_CHARMM_310K_Na_Neut_OPC_replica1_N_
HN.pdf , page1 used on input line 48.
(pdftex.def)             Requested size: 614.79198pt x 526.33034pt.
 [4 <./hMff_micelle_45SDS_CHARMM_310K_Na_Neut_OPC_replica1_N_HN.pdf>]
<hMff_micelle_45SDS_CHARMM_310K_Na_Neut_OPC_replica2_N_HN.pdf, id=227, 1040.844
88pt x 891.07906pt>
File: hMff_micelle_45SDS_CHARMM_310K_Na_Neut_OPC_replica2_N_HN.pdf Graphic file
 (type pdf)
<use hMff_micelle_45SDS_CHARMM_310K_Na_Neut_OPC_replica2_N_HN.pdf>
Package pdftex.def Info: hMff_micelle_45SDS_CHARMM_310K_Na_Neut_OPC_replica2_N_
HN.pdf  used on input line 49.
(pdftex.def)             Requested size: 1040.84235pt x 891.07687pt.
File: hMff_micelle_45SDS_CHARMM_310K_Na_Neut_OPC_replica2_N_HN.pdf Graphic file
 (type pdf)
<use hMff_micelle_45SDS_CHARMM_310K_Na_Neut_OPC_replica2_N_HN.pdf>
Package pdftex.def Info: hMff_micelle_45SDS_CHARMM_310K_Na_Neut_OPC_replica2_N_
HN.pdf  used on input line 49.
(pdftex.def)             Requested size: 1040.84235pt x 891.07687pt.
<hMff_micelle_45SDS_CHARMM_310K_Na_Neut_OPC_replica2_N_HN.pdf, id=230, page=1, 
1040.84488pt x 891.07906pt>
File: hMff_micelle_45SDS_CHARMM_310K_Na_Neut_OPC_replica2_N_HN.pdf Graphic file
 (type pdf)
<use hMff_micelle_45SDS_CHARMM_310K_Na_Neut_OPC_replica2_N_HN.pdf, page 1>
Package pdftex.def Info: hMff_micelle_45SDS_CHARMM_310K_Na_Neut_OPC_replica2_N_
HN.pdf , page1 used on input line 49.
(pdftex.def)             Requested size: 1040.84235pt x 891.07687pt.
File: hMff_micelle_45SDS_CHARMM_310K_Na_Neut_OPC_replica2_N_HN.pdf Graphic file
 (type pdf)
<use hMff_micelle_45SDS_CHARMM_310K_Na_Neut_OPC_replica2_N_HN.pdf, page 1>
Package pdftex.def Info: hMff_micelle_45SDS_CHARMM_310K_Na_Neut_OPC_replica2_N_
HN.pdf , page1 used on input line 49.
(pdftex.def)             Requested size: 614.79198pt x 526.33034pt.
File: hMff_micelle_45SDS_CHARMM_310K_Na_Neut_OPC_replica2_N_HN.pdf Graphic file
 (type pdf)
<use hMff_micelle_45SDS_CHARMM_310K_Na_Neut_OPC_replica2_N_HN.pdf, page 1>
Package pdftex.def Info: hMff_micelle_45SDS_CHARMM_310K_Na_Neut_OPC_replica2_N_
HN.pdf , page1 used on input line 49.
(pdftex.def)             Requested size: 614.79198pt x 526.33034pt.
File: hMff_micelle_45SDS_CHARMM_310K_Na_Neut_OPC_replica2_N_HN.pdf Graphic file
 (type pdf)
<use hMff_micelle_45SDS_CHARMM_310K_Na_Neut_OPC_replica2_N_HN.pdf, page 1>
Package pdftex.def Info: hMff_micelle_45SDS_CHARMM_310K_Na_Neut_OPC_replica2_N_
HN.pdf , page1 used on input line 49.
(pdftex.def)             Requested size: 614.79198pt x 526.33034pt.
File: hMff_micelle_45SDS_CHARMM_310K_Na_Neut_OPC_replica2_N_HN.pdf Graphic file
 (type pdf)
<use hMff_micelle_45SDS_CHARMM_310K_Na_Neut_OPC_replica2_N_HN.pdf, page 1>
Package pdftex.def Info: hMff_micelle_45SDS_CHARMM_310K_Na_Neut_OPC_replica2_N_
HN.pdf , page1 used on input line 49.
(pdftex.def)             Requested size: 614.79198pt x 526.33034pt.
 [5 <./hMff_micelle_45SDS_CHARMM_310K_Na_Neut_OPC_replica2_N_HN.pdf>]
<hMff_micelle_45SDS_CHARMM_310K_Na_Neut_OPC_replica3_N_HN.pdf, id=283, 1044.044
34pt x 891.07906pt>
File: hMff_micelle_45SDS_CHARMM_310K_Na_Neut_OPC_replica3_N_HN.pdf Graphic file
 (type pdf)
<use hMff_micelle_45SDS_CHARMM_310K_Na_Neut_OPC_replica3_N_HN.pdf>
Package pdftex.def Info: hMff_micelle_45SDS_CHARMM_310K_Na_Neut_OPC_replica3_N_
HN.pdf  used on input line 50.
(pdftex.def)             Requested size: 1044.04181pt x 891.07687pt.
File: hMff_micelle_45SDS_CHARMM_310K_Na_Neut_OPC_replica3_N_HN.pdf Graphic file
 (type pdf)
<use hMff_micelle_45SDS_CHARMM_310K_Na_Neut_OPC_replica3_N_HN.pdf>
Package pdftex.def Info: hMff_micelle_45SDS_CHARMM_310K_Na_Neut_OPC_replica3_N_
HN.pdf  used on input line 50.
(pdftex.def)             Requested size: 1044.04181pt x 891.07687pt.
<hMff_micelle_45SDS_CHARMM_310K_Na_Neut_OPC_replica3_N_HN.pdf, id=286, page=1, 
1044.04434pt x 891.07906pt>
File: hMff_micelle_45SDS_CHARMM_310K_Na_Neut_OPC_replica3_N_HN.pdf Graphic file
 (type pdf)
<use hMff_micelle_45SDS_CHARMM_310K_Na_Neut_OPC_replica3_N_HN.pdf, page 1>
Package pdftex.def Info: hMff_micelle_45SDS_CHARMM_310K_Na_Neut_OPC_replica3_N_
HN.pdf , page1 used on input line 50.
(pdftex.def)             Requested size: 1044.04181pt x 891.07687pt.
File: hMff_micelle_45SDS_CHARMM_310K_Na_Neut_OPC_replica3_N_HN.pdf Graphic file
 (type pdf)
<use hMff_micelle_45SDS_CHARMM_310K_Na_Neut_OPC_replica3_N_HN.pdf, page 1>
Package pdftex.def Info: hMff_micelle_45SDS_CHARMM_310K_Na_Neut_OPC_replica3_N_
HN.pdf , page1 used on input line 50.
(pdftex.def)             Requested size: 614.3081pt x 524.30443pt.
File: hMff_micelle_45SDS_CHARMM_310K_Na_Neut_OPC_replica3_N_HN.pdf Graphic file
 (type pdf)
<use hMff_micelle_45SDS_CHARMM_310K_Na_Neut_OPC_replica3_N_HN.pdf, page 1>
Package pdftex.def Info: hMff_micelle_45SDS_CHARMM_310K_Na_Neut_OPC_replica3_N_
HN.pdf , page1 used on input line 50.
(pdftex.def)             Requested size: 614.3081pt x 524.30443pt.
File: hMff_micelle_45SDS_CHARMM_310K_Na_Neut_OPC_replica3_N_HN.pdf Graphic file
 (type pdf)
<use hMff_micelle_45SDS_CHARMM_310K_Na_Neut_OPC_replica3_N_HN.pdf, page 1>
Package pdftex.def Info: hMff_micelle_45SDS_CHARMM_310K_Na_Neut_OPC_replica3_N_
HN.pdf , page1 used on input line 50.
(pdftex.def)             Requested size: 614.3081pt x 524.30443pt.
File: hMff_micelle_45SDS_CHARMM_310K_Na_Neut_OPC_replica3_N_HN.pdf Graphic file
 (type pdf)
<use hMff_micelle_45SDS_CHARMM_310K_Na_Neut_OPC_replica3_N_HN.pdf, page 1>
Package pdftex.def Info: hMff_micelle_45SDS_CHARMM_310K_Na_Neut_OPC_replica3_N_
HN.pdf , page1 used on input line 50.
(pdftex.def)             Requested size: 614.3081pt x 524.30443pt.
 [6 <./hMff_micelle_45SDS_CHARMM_310K_Na_Neut_OPC_replica3_N_HN.pdf>]
<hMff_micelle_50SDS_CHARMM_310K_Na_Neut_OPC_23500water_replica1_N_HN.pdf, id=33
9, 1040.84488pt x 891.07906pt>
File: hMff_micelle_50SDS_CHARMM_310K_Na_Neut_OPC_23500water_replica1_N_HN.pdf G
raphic file (type pdf)
<use hMff_micelle_50SDS_CHARMM_310K_Na_Neut_OPC_23500water_replica1_N_HN.pdf>
Package pdftex.def Info: hMff_micelle_50SDS_CHARMM_310K_Na_Neut_OPC_23500water_
replica1_N_HN.pdf  used on input line 52.
(pdftex.def)             Requested size: 1040.84235pt x 891.07687pt.
File: hMff_micelle_50SDS_CHARMM_310K_Na_Neut_OPC_23500water_replica1_N_HN.pdf G
raphic file (type pdf)
<use hMff_micelle_50SDS_CHARMM_310K_Na_Neut_OPC_23500water_replica1_N_HN.pdf>
Package pdftex.def Info: hMff_micelle_50SDS_CHARMM_310K_Na_Neut_OPC_23500water_
replica1_N_HN.pdf  used on input line 52.
(pdftex.def)             Requested size: 1040.84235pt x 891.07687pt.
<hMff_micelle_50SDS_CHARMM_310K_Na_Neut_OPC_23500water_replica1_N_HN.pdf, id=34
2, page=1, 1040.84488pt x 891.07906pt>
File: hMff_micelle_50SDS_CHARMM_310K_Na_Neut_OPC_23500water_replica1_N_HN.pdf G
raphic file (type pdf)
<use hMff_micelle_50SDS_CHARMM_310K_Na_Neut_OPC_23500water_replica1_N_HN.pdf, p
age 1>
Package pdftex.def Info: hMff_micelle_50SDS_CHARMM_310K_Na_Neut_OPC_23500water_
replica1_N_HN.pdf , page1 used on input line 52.
(pdftex.def)             Requested size: 1040.84235pt x 891.07687pt.
File: hMff_micelle_50SDS_CHARMM_310K_Na_Neut_OPC_23500water_replica1_N_HN.pdf G
raphic file (type pdf)
<use hMff_micelle_50SDS_CHARMM_310K_Na_Neut_OPC_23500water_replica1_N_HN.pdf, p
age 1>
Package pdftex.def Info: hMff_micelle_50SDS_CHARMM_310K_Na_Neut_OPC_23500water_
replica1_N_HN.pdf , page1 used on input line 52.
(pdftex.def)             Requested size: 614.79198pt x 526.33034pt.
File: hMff_micelle_50SDS_CHARMM_310K_Na_Neut_OPC_23500water_replica1_N_HN.pdf G
raphic file (type pdf)
<use hMff_micelle_50SDS_CHARMM_310K_Na_Neut_OPC_23500water_replica1_N_HN.pdf, p
age 1>
Package pdftex.def Info: hMff_micelle_50SDS_CHARMM_310K_Na_Neut_OPC_23500water_
replica1_N_HN.pdf , page1 used on input line 52.
(pdftex.def)             Requested size: 614.79198pt x 526.33034pt.
File: hMff_micelle_50SDS_CHARMM_310K_Na_Neut_OPC_23500water_replica1_N_HN.pdf G
raphic file (type pdf)
<use hMff_micelle_50SDS_CHARMM_310K_Na_Neut_OPC_23500water_replica1_N_HN.pdf, p
age 1>
Package pdftex.def Info: hMff_micelle_50SDS_CHARMM_310K_Na_Neut_OPC_23500water_
replica1_N_HN.pdf , page1 used on input line 52.
(pdftex.def)             Requested size: 614.79198pt x 526.33034pt.
File: hMff_micelle_50SDS_CHARMM_310K_Na_Neut_OPC_23500water_replica1_N_HN.pdf G
raphic file (type pdf)
<use hMff_micelle_50SDS_CHARMM_310K_Na_Neut_OPC_23500water_replica1_N_HN.pdf, p
age 1>
Package pdftex.def Info: hMff_micelle_50SDS_CHARMM_310K_Na_Neut_OPC_23500water_
replica1_N_HN.pdf , page1 used on input line 52.
(pdftex.def)             Requested size: 614.79198pt x 526.33034pt.
 [7 <./hMff_micelle_50SDS_CHARMM_310K_Na_Neut_OPC_23500water_replica1_N_HN.pdf>
]
<hMff_micelle_50SDS_CHARMM_310K_Na_Neut_OPC_23500water_replica2_N_HN.pdf, id=39
7, 1040.84488pt x 891.07906pt>
File: hMff_micelle_50SDS_CHARMM_310K_Na_Neut_OPC_23500water_replica2_N_HN.pdf G
raphic file (type pdf)
<use hMff_micelle_50SDS_CHARMM_310K_Na_Neut_OPC_23500water_replica2_N_HN.pdf>
Package pdftex.def Info: hMff_micelle_50SDS_CHARMM_310K_Na_Neut_OPC_23500water_
replica2_N_HN.pdf  used on input line 53.
(pdftex.def)             Requested size: 1040.84235pt x 891.07687pt.
File: hMff_micelle_50SDS_CHARMM_310K_Na_Neut_OPC_23500water_replica2_N_HN.pdf G
raphic file (type pdf)
<use hMff_micelle_50SDS_CHARMM_310K_Na_Neut_OPC_23500water_replica2_N_HN.pdf>
Package pdftex.def Info: hMff_micelle_50SDS_CHARMM_310K_Na_Neut_OPC_23500water_
replica2_N_HN.pdf  used on input line 53.
(pdftex.def)             Requested size: 1040.84235pt x 891.07687pt.
<hMff_micelle_50SDS_CHARMM_310K_Na_Neut_OPC_23500water_replica2_N_HN.pdf, id=40
0, page=1, 1040.84488pt x 891.07906pt>
File: hMff_micelle_50SDS_CHARMM_310K_Na_Neut_OPC_23500water_replica2_N_HN.pdf G
raphic file (type pdf)
<use hMff_micelle_50SDS_CHARMM_310K_Na_Neut_OPC_23500water_replica2_N_HN.pdf, p
age 1>
Package pdftex.def Info: hMff_micelle_50SDS_CHARMM_310K_Na_Neut_OPC_23500water_
replica2_N_HN.pdf , page1 used on input line 53.
(pdftex.def)             Requested size: 1040.84235pt x 891.07687pt.
File: hMff_micelle_50SDS_CHARMM_310K_Na_Neut_OPC_23500water_replica2_N_HN.pdf G
raphic file (type pdf)
<use hMff_micelle_50SDS_CHARMM_310K_Na_Neut_OPC_23500water_replica2_N_HN.pdf, p
age 1>
Package pdftex.def Info: hMff_micelle_50SDS_CHARMM_310K_Na_Neut_OPC_23500water_
replica2_N_HN.pdf , page1 used on input line 53.
(pdftex.def)             Requested size: 614.79198pt x 526.33034pt.
File: hMff_micelle_50SDS_CHARMM_310K_Na_Neut_OPC_23500water_replica2_N_HN.pdf G
raphic file (type pdf)
<use hMff_micelle_50SDS_CHARMM_310K_Na_Neut_OPC_23500water_replica2_N_HN.pdf, p
age 1>
Package pdftex.def Info: hMff_micelle_50SDS_CHARMM_310K_Na_Neut_OPC_23500water_
replica2_N_HN.pdf , page1 used on input line 53.
(pdftex.def)             Requested size: 614.79198pt x 526.33034pt.
File: hMff_micelle_50SDS_CHARMM_310K_Na_Neut_OPC_23500water_replica2_N_HN.pdf G
raphic file (type pdf)
<use hMff_micelle_50SDS_CHARMM_310K_Na_Neut_OPC_23500water_replica2_N_HN.pdf, p
age 1>
Package pdftex.def Info: hMff_micelle_50SDS_CHARMM_310K_Na_Neut_OPC_23500water_
replica2_N_HN.pdf , page1 used on input line 53.
(pdftex.def)             Requested size: 614.79198pt x 526.33034pt.
File: hMff_micelle_50SDS_CHARMM_310K_Na_Neut_OPC_23500water_replica2_N_HN.pdf G
raphic file (type pdf)
<use hMff_micelle_50SDS_CHARMM_310K_Na_Neut_OPC_23500water_replica2_N_HN.pdf, p
age 1>
Package pdftex.def Info: hMff_micelle_50SDS_CHARMM_310K_Na_Neut_OPC_23500water_
replica2_N_HN.pdf , page1 used on input line 53.
(pdftex.def)             Requested size: 614.79198pt x 526.33034pt.
 [8 <./hMff_micelle_50SDS_CHARMM_310K_Na_Neut_OPC_23500water_replica2_N_HN.pdf>
] (./hmff.aux) ) 
Here is how much of TeX's memory you used:
 2742 strings out of 481239
 44209 string characters out of 5920377
 277711 words of memory out of 5000000
 18003 multiletter control sequences out of 15000+600000
 532338 words of font info for 24 fonts, out of 8000000 for 9000
 1141 hyphenation exceptions out of 8191
 40i,18n,45p,235b,425s stack positions out of 5000i,500n,10000p,200000b,80000s

Output written on hmff.pdf (8 pages, 5036802 bytes).
PDF statistics:
 457 PDF objects out of 1000 (max. 8388607)
 68 compressed objects within 1 object stream
 0 named destinations out of 1000 (max. 500000)
 161 words of extra memory for PDF output out of 10000 (max. 10000000)

